<?xml version="1.0" encoding="UTF-8"?>
<!-- Generated by org.testng.reporters.JUnitReportReporter -->
<testsuite skipped="0" hostname="DESKTOP-N1EP0HI" name="com.udemy.testcases.SearchPageTest" tests="1" failures="0" timestamp="2020-06-21T20:53:39 IST" time="83.979" errors="0">
  <testcase name="verifycourse" time="83.979" classname="com.udemy.testcases.SearchPageTest"/>
  <system-out/>
</testsuite> <!-- com.udemy.testcases.SearchPageTest -->
