<?xml version="1.0" encoding="UTF-8"?>
<!-- Generated by org.testng.reporters.JUnitReportReporter -->
<testsuite skipped="0" hostname="DESKTOP-N1EP0HI" name="com.udemy.testcases.CatergoriesPageTest" tests="1" failures="0" timestamp="2020-06-20T21:48:35 IST" time="52.310" errors="0">
  <testcase name="verifyfilterTest" time="52.310" classname="com.udemy.testcases.CatergoriesPageTest"/>
  <system-out/>
</testsuite> <!-- com.udemy.testcases.CatergoriesPageTest -->
