<?xml version="1.0" encoding="UTF-8"?>
<!-- Generated by org.testng.reporters.JUnitReportReporter -->
<testsuite skipped="0" hostname="DESKTOP-N1EP0HI" name="com.udemy.testcases.UdemyForBusinessPageTest" tests="1" failures="0" timestamp="2020-06-20T17:55:33 IST" time="24.792" errors="0">
  <testcase name="fillingFormTest" time="24.792" classname="com.udemy.testcases.UdemyForBusinessPageTest"/>
  <system-out/>
</testsuite> <!-- com.udemy.testcases.UdemyForBusinessPageTest -->
